,number,value,datetime_start,datetime_complete,duration,params_n_hidden_layers,params_n_neurons_per_layer,state
177,177,0.0007598118906316815,2020-08-26 01:52:31.954077,2020-08-26 01:53:16.241690,0 days 00:00:44.287613000,2,34,COMPLETE
178,178,0.00048298468313035154,2020-08-26 01:53:22.899674,2020-08-26 01:54:15.831010,0 days 00:00:52.931336000,3,24,COMPLETE
179,179,0.009080368461970089,2020-08-26 01:54:17.422845,2020-08-26 01:55:15.393274,0 days 00:00:57.970429000,3,23,COMPLETE
180,180,0.0005141307200046915,2020-08-26 01:55:17.331798,2020-08-26 01:56:27.412783,0 days 00:01:10.080985000,4,24,COMPLETE
181,181,0.0006255547937149648,2020-08-26 01:56:28.215872,2020-08-26 01:57:37.664407,0 days 00:01:09.448535000,3,22,COMPLETE
182,182,0.0012504226109998858,2020-08-26 01:57:39.632573,2020-08-26 01:58:49.013424,0 days 00:01:09.380851000,2,33,COMPLETE
183,183,0.002598785618377674,2020-08-26 01:58:50.967044,2020-08-26 01:59:54.838086,0 days 00:01:03.871042000,3,21,COMPLETE
184,184,0.000738543242380286,2020-08-26 01:59:55.645961,2020-08-26 02:00:49.691666,0 days 00:00:54.045705000,2,31,COMPLETE
185,185,0.0005393478937880316,2020-08-26 02:00:51.198827,2020-08-26 02:02:10.926228,0 days 00:01:19.727401000,4,25,COMPLETE
186,186,0.00038363597842444347,2020-08-26 02:02:12.911603,2020-08-26 02:03:12.273809,0 days 00:00:59.362206000,3,32,COMPLETE
187,187,0.000583545062266655,2020-08-26 02:03:14.192978,2020-08-26 02:04:31.685259,0 days 00:01:17.492281000,3,33,COMPLETE
188,188,0.0004914685022959182,2020-08-26 02:04:35.462819,2020-08-26 02:06:22.875474,0 days 00:01:47.412655000,4,35,COMPLETE
189,189,0.009464728591840357,2020-08-26 02:06:23.478742,2020-08-26 02:08:01.341330,0 days 00:01:37.862588000,4,36,COMPLETE
190,190,0.0007401692540303661,2020-08-26 02:08:05.457287,2020-08-26 02:10:42.427665,0 days 00:02:36.970378000,5,35,COMPLETE
191,191,0.0011018891091057444,2020-08-26 02:10:43.707642,2020-08-26 02:12:22.531784,0 days 00:01:38.824142000,3,23,COMPLETE
192,192,0.0004499561309096344,2020-08-26 02:12:23.862664,2020-08-26 02:14:16.485553,0 days 00:01:52.622889000,4,37,COMPLETE
193,193,0.001441463212559048,2020-08-26 02:14:16.932630,2020-08-26 02:15:42.218869,0 days 00:01:25.286239000,4,37,COMPLETE
194,194,0.0010034935179922444,2020-08-26 02:15:42.797966,2020-08-26 02:17:14.407964,0 days 00:01:31.609998000,4,36,COMPLETE
195,195,0.0005934760837766778,2020-08-26 02:17:14.774202,2020-08-26 02:18:32.519907,0 days 00:01:17.745705000,3,34,COMPLETE
196,196,0.0028194315518471104,2020-08-26 02:18:33.122145,2020-08-26 02:20:17.513951,0 days 00:01:44.391806000,4,35,COMPLETE
197,197,0.00504203071741938,2020-08-26 02:20:19.226166,2020-08-26 02:24:10.205300,0 days 00:03:50.979134000,19,27,COMPLETE
198,198,0.0006318057577921295,2020-08-26 02:24:11.406528,2020-08-26 02:25:31.617987,0 days 00:01:20.211459000,5,32,COMPLETE
199,199,0.0007972875713832179,2020-08-26 02:25:33.326115,2020-08-26 02:26:37.322216,0 days 00:01:03.996101000,3,38,COMPLETE
