,number,value,datetime_start,datetime_complete,duration,params_n_hidden_layers,params_n_neurons_per_layer,state
0,0,0.021789977800140286,2020-08-23 08:59:38.888193,2020-08-23 08:59:48.723968,0 days 00:00:09.835775000,5,20,COMPLETE
1,1,0.022778201931579936,2020-08-23 08:59:48.724640,2020-08-23 09:00:03.731212,0 days 00:00:15.006572000,9,17,COMPLETE
2,2,0.022288788251081208,2020-08-23 09:00:03.731869,2020-08-23 09:00:13.949859,0 days 00:00:10.217990000,5,18,COMPLETE
3,3,0.022715783515161667,2020-08-23 09:00:13.950486,2020-08-23 09:00:29.089699,0 days 00:00:15.139213000,10,20,COMPLETE
4,4,0.022786540008621545,2020-08-23 09:00:29.090308,2020-08-23 09:00:41.648976,0 days 00:00:12.558668000,8,20,COMPLETE
5,5,0.022922234933377465,2020-08-23 09:00:41.649659,2020-08-23 09:00:59.369482,0 days 00:00:17.719823000,10,23,COMPLETE
6,6,0.02261211187497224,2020-08-23 09:00:59.370143,2020-08-23 09:01:10.866809,0 days 00:00:11.496666000,7,24,COMPLETE
7,7,0.022542154658320004,2020-08-23 09:01:10.867403,2020-08-23 09:01:23.409171,0 days 00:00:12.541768000,7,15,COMPLETE
8,8,0.02273291751142801,2020-08-23 09:01:23.409800,2020-08-23 09:01:38.999757,0 days 00:00:15.589957000,10,22,COMPLETE
9,9,0.022297989242416858,2020-08-23 09:01:39.000365,2020-08-23 09:01:50.547256,0 days 00:00:11.546891000,7,23,COMPLETE
10,10,0.02215501884295351,2020-08-23 09:01:50.547888,2020-08-23 09:02:00.686567,0 days 00:00:10.138679000,5,18,COMPLETE
11,11,0.022432645397075124,2020-08-23 09:02:00.687365,2020-08-23 09:02:10.153173,0 days 00:00:09.465808000,5,18,COMPLETE
12,12,0.022558889759880074,2020-08-23 09:02:10.153765,2020-08-23 09:02:20.156309,0 days 00:00:10.002544000,5,16,COMPLETE
13,13,0.02178568905945047,2020-08-23 09:02:20.156978,2020-08-23 09:02:30.225075,0 days 00:00:10.068097000,6,19,COMPLETE
14,14,0.02201081749156358,2020-08-23 09:02:30.225678,2020-08-23 09:02:40.677097,0 days 00:00:10.451419000,6,21,COMPLETE
15,15,0.021936250695102917,2020-08-23 09:02:40.677707,2020-08-23 09:02:50.855481,0 days 00:00:10.177774000,6,19,COMPLETE
16,16,0.022111595292589166,2020-08-23 09:02:50.856109,2020-08-23 09:03:01.083130,0 days 00:00:10.227021000,6,21,COMPLETE
17,17,0.022410681493469614,2020-08-23 09:03:01.083751,2020-08-23 09:03:14.083911,0 days 00:00:13.000160000,6,19,COMPLETE
18,18,0.021728901205423208,2020-08-23 09:03:14.084573,2020-08-23 09:03:31.418540,0 days 00:00:17.333967000,8,25,COMPLETE
19,19,0.022471102588343953,2020-08-23 09:03:31.419167,2020-08-23 09:03:44.364834,0 days 00:00:12.945667000,8,25,COMPLETE
20,20,0.02164406992928876,2020-08-23 09:03:44.365471,2020-08-23 09:03:57.875991,0 days 00:00:13.510520000,9,15,COMPLETE
21,21,0.021908068012090883,2020-08-23 09:03:57.876619,2020-08-23 09:04:13.188399,0 days 00:00:15.311780000,9,16,COMPLETE
22,22,0.022563014551059895,2020-08-23 09:04:13.189050,2020-08-23 09:04:26.654934,0 days 00:00:13.465884000,9,15,COMPLETE
23,23,0.021615160448657987,2020-08-23 09:04:26.655577,2020-08-23 09:04:43.570096,0 days 00:00:16.914519000,8,25,COMPLETE
24,24,0.022035348085063924,2020-08-23 09:04:43.570845,2020-08-23 09:04:56.504233,0 days 00:00:12.933388000,8,25,COMPLETE
25,25,0.02284446030705835,2020-08-23 09:04:56.504858,2020-08-23 09:05:11.715150,0 days 00:00:15.210292000,9,24,COMPLETE
26,26,0.022193836043208685,2020-08-23 09:05:11.715781,2020-08-23 09:05:24.585882,0 days 00:00:12.870101000,8,25,COMPLETE
27,27,0.02191766455559846,2020-08-23 09:05:24.586492,2020-08-23 09:05:40.536871,0 days 00:00:15.950379000,9,24,COMPLETE
28,28,0.021962201953291904,2020-08-23 09:05:40.537547,2020-08-23 09:05:53.776190,0 days 00:00:13.238643000,8,23,COMPLETE
29,29,0.02250326889131126,2020-08-23 09:05:53.776848,2020-08-23 09:06:06.205527,0 days 00:00:12.428679000,7,22,COMPLETE
30,30,0.022239113822412237,2020-08-23 09:06:06.206175,2020-08-23 09:06:22.110555,0 days 00:00:15.904380000,9,25,COMPLETE
31,31,0.021632340753320645,2020-08-23 09:06:22.111208,2020-08-23 09:06:34.899669,0 days 00:00:12.788461000,8,16,COMPLETE
32,32,0.022088129714696626,2020-08-23 09:06:34.900314,2020-08-23 09:06:47.206671,0 days 00:00:12.306357000,8,16,COMPLETE
33,33,0.021095048968350415,2020-08-23 09:06:47.207315,2020-08-23 09:07:00.869364,0 days 00:00:13.662049000,9,17,COMPLETE
34,34,0.022452877661099647,2020-08-23 09:07:00.870009,2020-08-23 09:07:14.559096,0 days 00:00:13.689087000,9,17,COMPLETE
35,35,0.02238448359976618,2020-08-23 09:07:14.559712,2020-08-23 09:07:30.357859,0 days 00:00:15.798147000,10,17,COMPLETE
36,36,0.022971060057665603,2020-08-23 09:07:30.358539,2020-08-23 09:07:46.146545,0 days 00:00:15.788006000,9,15,COMPLETE
37,37,0.0221619028919597,2020-08-23 09:07:46.147217,2020-08-23 09:08:00.766665,0 days 00:00:14.619448000,10,16,COMPLETE
38,38,0.021579778071826733,2020-08-23 09:08:00.767305,2020-08-23 09:08:13.888170,0 days 00:00:13.120865000,8,15,COMPLETE
39,39,0.02119697260468313,2020-08-23 09:08:13.888801,2020-08-23 09:08:27.101122,0 days 00:00:13.212321000,7,17,COMPLETE
40,40,0.022148998035232556,2020-08-23 09:08:27.101771,2020-08-23 09:08:39.834070,0 days 00:00:12.732299000,7,17,COMPLETE
41,41,0.02188854153097955,2020-08-23 09:08:39.834738,2020-08-23 09:08:51.210697,0 days 00:00:11.375959000,7,17,COMPLETE
42,42,0.02195073050136941,2020-08-23 09:08:51.211335,2020-08-23 09:09:04.452074,0 days 00:00:13.240739000,8,16,COMPLETE
43,43,0.021862180326839144,2020-08-23 09:09:04.452699,2020-08-23 09:09:15.945095,0 days 00:00:11.492396000,7,18,COMPLETE
44,44,0.02265566756072413,2020-08-23 09:09:15.945726,2020-08-23 09:09:30.314598,0 days 00:00:14.368872000,8,15,COMPLETE
45,45,0.021091475791840106,2020-08-23 09:09:30.315338,2020-08-23 09:09:42.112012,0 days 00:00:11.796674000,7,18,COMPLETE
46,46,0.02223393504808488,2020-08-23 09:09:42.112632,2020-08-23 09:09:53.401910,0 days 00:00:11.289278000,7,18,COMPLETE
47,47,0.021667351770759357,2020-08-23 09:09:53.402565,2020-08-23 09:10:05.242863,0 days 00:00:11.840298000,7,20,COMPLETE
48,48,0.021930210896945645,2020-08-23 09:10:05.243497,2020-08-23 09:10:16.607152,0 days 00:00:11.363655000,7,19,COMPLETE
49,49,0.0220973074537827,2020-08-23 09:10:16.607766,2020-08-23 09:10:31.442317,0 days 00:00:14.834551000,8,17,COMPLETE
50,50,0.02277201276282249,2020-08-23 09:10:31.443016,2020-08-23 09:10:44.605558,0 days 00:00:13.162542000,7,18,COMPLETE
51,51,0.020845641349253912,2020-08-23 09:10:44.606222,2020-08-23 09:10:57.100770,0 days 00:00:12.494548000,8,16,COMPLETE
52,52,0.02240831752130258,2020-08-23 09:10:57.101417,2020-08-23 09:11:12.934868,0 days 00:00:15.833451000,8,17,COMPLETE
53,53,0.02226926975749762,2020-08-23 09:11:12.935534,2020-08-23 09:11:24.061242,0 days 00:00:11.125708000,7,16,COMPLETE
54,54,0.021596591251254113,2020-08-23 09:11:24.061955,2020-08-23 09:11:34.270522,0 days 00:00:10.208567000,6,17,COMPLETE
55,55,0.021564972276721554,2020-08-23 09:11:34.271216,2020-08-23 09:11:44.688414,0 days 00:00:10.417198000,6,17,COMPLETE
56,56,0.021947393344273595,2020-08-23 09:11:44.689090,2020-08-23 09:11:54.939133,0 days 00:00:10.250043000,6,18,COMPLETE
57,57,0.021488281441345493,2020-08-23 09:11:54.939789,2020-08-23 09:12:05.308322,0 days 00:00:10.368533000,6,15,COMPLETE
58,58,0.021946313416209305,2020-08-23 09:12:05.309015,2020-08-23 09:12:14.450215,0 days 00:00:09.141200000,5,19,COMPLETE
59,59,0.02191090459548976,2020-08-23 09:12:14.450865,2020-08-23 09:12:24.676032,0 days 00:00:10.225167000,6,16,COMPLETE
60,60,0.02241641249595262,2020-08-23 09:12:24.676678,2020-08-23 09:12:36.317077,0 days 00:00:11.640399000,6,18,COMPLETE
61,61,0.02258431693115749,2020-08-23 09:12:36.317721,2020-08-23 09:12:46.330224,0 days 00:00:10.012503000,6,15,COMPLETE
62,62,0.021444181538834827,2020-08-23 09:12:46.330863,2020-08-23 09:12:55.338789,0 days 00:00:09.007926000,5,15,COMPLETE
63,63,0.022151414756777538,2020-08-23 09:12:55.339426,2020-08-23 09:13:04.274829,0 days 00:00:08.935403000,5,16,COMPLETE
64,64,0.02202389407019214,2020-08-23 09:13:04.275465,2020-08-23 09:13:13.609150,0 days 00:00:09.333685000,5,17,COMPLETE
65,65,0.02115221500732733,2020-08-23 09:13:13.609797,2020-08-23 09:13:23.797047,0 days 00:00:10.187250000,6,15,COMPLETE
