,number,value,datetime_start,datetime_complete,duration,params_n_hidden_layers,params_n_neurons_per_layer,state
0,0,,2021-03-19 08:44:54.561747,,,13,9,RUNNING
1,1,,2021-03-19 08:45:12.017366,,,4,39,RUNNING
2,2,,2021-03-19 08:45:12.374821,,,2,3,RUNNING
3,3,0.6996459913300735,2021-03-19 09:35:36.845978,2021-03-19 09:35:53.339006,0 days 00:00:16.493028,17,1,COMPLETE
4,4,0.7071125215563665,2021-03-19 09:35:53.558050,2021-03-19 09:36:04.962473,0 days 00:00:11.404423,11,17,COMPLETE
5,5,0.7130414029724391,2021-03-19 09:37:14.416987,2021-03-19 09:37:34.006462,0 days 00:00:19.589475,16,23,COMPLETE
6,6,0.7142937840761714,2021-03-19 09:37:34.191777,2021-03-19 09:37:45.858445,0 days 00:00:11.666668,16,13,COMPLETE
7,7,0.5474424245183483,2021-03-19 09:40:35.909671,2021-03-19 09:40:46.883504,0 days 00:00:10.973833,2,9,COMPLETE
8,8,0.25873532918418296,2021-03-19 09:40:47.033507,2021-03-19 09:40:58.783909,0 days 00:00:11.750402,11,1,COMPLETE
