,number,value,datetime_start,datetime_complete,duration,params_n_hidden_layers,params_n_neurons_per_layer,state
353,353,0.00033374737666756483,2020-08-26 04:47:18.300166,2020-08-26 04:48:57.323742,0 days 00:01:39.023576000,3,30,COMPLETE
354,354,0.000954987473965668,2020-08-26 04:48:57.971230,2020-08-26 04:49:42.798871,0 days 00:00:44.827641000,3,30,COMPLETE
355,355,0.0006019352736773668,2020-08-26 04:49:43.642920,2020-08-26 04:50:38.142059,0 days 00:00:54.499139000,4,30,COMPLETE
356,356,0.005115504168098388,2020-08-26 04:50:39.271497,2020-08-26 04:52:37.688846,0 days 00:01:58.417349000,10,31,COMPLETE
357,357,0.0009979733436501878,2020-08-26 04:52:38.222712,2020-08-26 04:53:13.579592,0 days 00:00:35.356880000,2,29,COMPLETE
358,358,0.0013877062609593683,2020-08-26 04:53:14.385784,2020-08-26 04:54:01.076533,0 days 00:00:46.690749000,3,31,COMPLETE
359,359,0.0008497462691638303,2020-08-26 04:54:02.362870,2020-08-26 04:54:42.089463,0 days 00:00:39.726593000,2,30,COMPLETE
360,360,0.014534989435671681,2020-08-26 04:54:42.746221,2020-08-26 04:55:31.537911,0 days 00:00:48.791690000,3,29,COMPLETE
361,361,0.0003392242434942022,2020-08-26 04:55:32.497779,2020-08-26 04:56:09.914621,0 days 00:00:37.416842000,2,31,COMPLETE
362,362,0.0028646572693252575,2020-08-26 04:56:13.896901,2020-08-26 04:56:52.876908,0 days 00:00:38.980007000,1,31,COMPLETE
363,363,0.0005332121953710895,2020-08-26 04:56:55.229028,2020-08-26 04:57:33.054520,0 days 00:00:37.825492000,2,32,COMPLETE
364,364,0.0020632051780804734,2020-08-26 04:57:33.740897,2020-08-26 04:57:51.883821,0 days 00:00:18.142924000,1,30,COMPLETE
365,365,0.002764535372350921,2020-08-26 04:57:52.890966,2020-08-26 05:00:32.545661,0 days 00:02:39.654695000,13,31,COMPLETE
366,366,0.0009171287510582172,2020-08-26 05:00:33.013181,2020-08-26 05:01:06.208818,0 days 00:00:33.195637000,2,32,COMPLETE
367,367,0.0007087353230470518,2020-08-26 05:01:06.720255,2020-08-26 05:01:58.004837,0 days 00:00:51.284582000,2,31,COMPLETE
368,368,0.0013259459534507821,2020-08-26 05:01:59.190988,2020-08-26 05:02:28.928854,0 days 00:00:29.737866000,2,29,COMPLETE
369,369,0.0006185726630223926,2020-08-26 05:02:29.407247,2020-08-26 05:03:12.283300,0 days 00:00:42.876053000,2,28,COMPLETE
370,370,0.0014910519252422374,2020-08-26 05:03:13.466169,2020-08-26 05:03:47.537579,0 days 00:00:34.071410000,1,30,COMPLETE
371,371,0.00045394571591539894,2020-08-26 05:03:48.551806,2020-08-26 05:04:36.931450,0 days 00:00:48.379644000,3,32,COMPLETE
372,372,0.0018882740820587315,2020-08-26 05:04:37.644169,2020-08-26 05:05:16.832774,0 days 00:00:39.188605000,2,32,COMPLETE
373,373,0.001972956257407968,2020-08-26 05:05:17.237465,2020-08-26 05:05:45.689668,0 days 00:00:28.452203000,2,31,COMPLETE
374,374,0.00045962785410606777,2020-08-26 05:05:46.437287,2020-08-26 05:06:41.576985,0 days 00:00:55.139698000,3,30,COMPLETE
375,375,0.001314576607687025,2020-08-26 05:06:43.231455,2020-08-26 05:07:28.672780,0 days 00:00:45.441325000,3,29,COMPLETE
376,376,0.002422121119928465,2020-08-26 05:07:30.684184,2020-08-26 05:08:05.046330,0 days 00:00:34.362146000,1,32,COMPLETE
377,377,0.01847266345580163,2020-08-26 05:08:06.956320,2020-08-26 05:08:40.445922,0 days 00:00:33.489602000,2,31,COMPLETE
378,378,0.0005195868571856551,2020-08-26 05:08:41.136874,2020-08-26 05:09:36.655049,0 days 00:00:55.518175000,3,28,COMPLETE
379,379,0.002024589560780053,2020-08-26 05:09:37.842287,2020-08-26 05:10:20.078160,0 days 00:00:42.235873000,2,31,COMPLETE
380,380,0.002328783751329101,2020-08-26 05:10:20.725420,2020-08-26 05:11:08.599708,0 days 00:00:47.874288000,4,30,COMPLETE
381,381,0.000634597809765191,2020-08-26 05:11:10.304781,2020-08-26 05:11:55.409808,0 days 00:00:45.105027000,3,32,COMPLETE
382,382,0.0005460618337098584,2020-08-26 05:11:55.840402,2020-08-26 05:12:35.851075,0 days 00:00:40.010673000,2,29,COMPLETE
383,383,0.0026059893932596544,2020-08-26 05:12:36.803081,2020-08-26 05:13:17.570877,0 days 00:00:40.767796000,1,30,COMPLETE
384,384,0.0012826492544750026,2020-08-26 05:13:18.296245,2020-08-26 05:14:06.452198,0 days 00:00:48.155953000,3,32,COMPLETE
385,385,0.019577600837120585,2020-08-26 05:14:06.810331,2020-08-26 05:15:07.695503,0 days 00:01:00.885172000,4,33,COMPLETE
386,386,0.0005008033093620377,2020-08-26 05:15:09.009670,2020-08-26 05:16:03.119150,0 days 00:00:54.109480000,2,31,COMPLETE
387,387,0.0005016931964861682,2020-08-26 05:16:04.324781,2020-08-26 05:16:44.530093,0 days 00:00:40.205312000,2,30,COMPLETE
388,388,0.0016737070301331943,2020-08-26 05:16:44.940715,2020-08-26 05:18:08.125553,0 days 00:01:23.184838000,7,29,COMPLETE
389,389,0.0003986680371732078,2020-08-26 05:18:08.580609,2020-08-26 05:18:57.766037,0 days 00:00:49.185428000,3,28,COMPLETE
390,390,0.023697706603779484,2020-08-26 05:19:00.298551,2020-08-26 05:20:02.047465,0 days 00:01:01.748914000,4,28,COMPLETE
391,391,0.029387197450680434,2020-08-26 05:20:03.282622,2020-08-26 05:21:11.529282,0 days 00:01:08.246660000,5,27,COMPLETE
392,392,0.0014154220555355976,2020-08-26 05:21:12.521631,2020-08-26 05:21:56.481695,0 days 00:00:43.960064000,3,29,COMPLETE
393,393,0.0005437595154818999,2020-08-26 05:21:57.167283,2020-08-26 05:22:35.286193,0 days 00:00:38.118910000,3,28,COMPLETE
394,394,0.005739332247399816,2020-08-26 05:22:35.906095,2020-08-26 05:25:45.909362,0 days 00:03:10.003267000,17,30,COMPLETE
395,395,0.001179327429057547,2020-08-26 05:25:47.553427,2020-08-26 05:26:26.609130,0 days 00:00:39.055703000,3,29,COMPLETE
396,396,0.0007195013784803363,2020-08-26 05:26:27.407099,2020-08-26 05:27:14.269618,0 days 00:00:46.862519000,3,31,COMPLETE
397,397,0.051522572790081725,2020-08-26 05:27:14.964268,2020-08-26 05:28:26.585892,0 days 00:01:11.621624000,4,30,COMPLETE
398,398,0.0007536137192485436,2020-08-26 05:28:27.079681,2020-08-26 05:29:14.681428,0 days 00:00:47.601747000,3,31,COMPLETE
399,399,0.002475586733101502,2020-08-26 05:29:15.196556,2020-08-26 05:30:30.053343,0 days 00:01:14.856787000,3,30,COMPLETE
