,number,value,datetime_start,datetime_complete,duration,params_n_hidden_layers,params_n_neurons_per_layer,state
380,380,6.8761261270530545e-06,2021-03-14 17:47:21.232873,2021-03-15 02:01:01.259114,0 days 08:13:40.026241,5,39,COMPLETE
381,381,,2021-03-14 17:59:59.171842,,,5,31,RUNNING
382,382,9.704283845731356e-06,2021-03-14 18:04:44.466523,2021-03-15 01:03:47.930257,0 days 06:59:03.463734,5,31,COMPLETE
383,383,,2021-03-14 18:05:27.065853,,,5,31,RUNNING
384,384,8.440978568242669e-06,2021-03-14 18:08:59.426146,2021-03-14 22:03:32.190029,0 days 03:54:32.763883,2,39,COMPLETE
385,385,9.054981181040347e-06,2021-03-14 18:38:49.176605,2021-03-15 00:15:02.141081,0 days 05:36:12.964476,5,31,COMPLETE
386,386,9.132159772169446e-06,2021-03-14 18:43:05.545287,2021-03-14 22:27:20.450687,0 days 03:44:14.905400,2,31,COMPLETE
387,387,1.3501927838999782e-05,2021-03-14 18:44:41.571420,2021-03-14 20:39:51.954603,0 days 01:55:10.383183,2,39,COMPLETE
388,388,8.959290234166055e-06,2021-03-14 18:46:08.229679,2021-03-15 02:00:23.413126,0 days 07:14:15.183447,5,40,COMPLETE
389,389,6.8699630334220845e-06,2021-03-14 18:59:17.173884,2021-03-15 01:38:45.860036,0 days 06:39:28.686152,5,31,COMPLETE
390,390,7.3264106976309735e-06,2021-03-14 19:11:24.932324,2021-03-15 01:57:56.760561,0 days 06:46:31.828237,5,31,COMPLETE
391,391,,2021-03-14 19:29:46.100073,,,6,31,RUNNING
392,392,,2021-03-14 19:33:17.265152,,,2,31,RUNNING
393,393,,2021-03-14 19:41:09.741259,,,5,31,RUNNING
394,394,8.876840244334415e-06,2021-03-14 19:44:31.001645,2021-03-14 22:32:07.273853,0 days 02:47:36.272208,2,39,COMPLETE
395,395,6.773440676076543e-06,2021-03-14 19:44:44.385503,2021-03-15 01:45:33.459274,0 days 06:00:49.073771,5,34,COMPLETE
396,396,8.280670125694146e-06,2021-03-14 20:12:49.859185,2021-03-15 01:16:18.496645,0 days 05:03:28.637460,5,31,COMPLETE
397,397,,2021-03-14 20:14:41.560458,,,5,31,RUNNING
398,398,,2021-03-14 20:39:52.021454,,,5,31,RUNNING
399,399,0.22854138762071702,2021-03-14 20:45:08.681665,2021-03-15 01:32:48.330990,0 days 04:47:39.649325,5,31,COMPLETE
400,400,,2021-03-14 21:03:37.739660,,,5,31,RUNNING
401,401,,2021-03-14 21:19:06.031829,,,5,34,RUNNING
402,402,,2021-03-14 21:33:47.417105,,,3,31,RUNNING
403,403,7.767248430860504e-06,2021-03-14 22:03:32.231574,2021-03-15 03:27:27.551383,0 days 05:23:55.319809,5,31,COMPLETE
404,404,,2021-03-14 22:49:21.590139,,,6,34,RUNNING
405,405,,2021-03-15 00:15:02.232227,,,5,34,RUNNING
406,406,,2021-03-15 01:03:48.012173,,,5,34,RUNNING
407,407,,2021-03-15 01:16:18.641675,,,18,34,RUNNING
408,408,,2021-03-15 01:26:32.496125,,,12,34,RUNNING
409,409,,2021-03-15 01:32:48.418915,,,3,34,RUNNING
410,410,,2021-03-15 01:39:49.175349,,,12,34,RUNNING
411,411,,2021-03-15 01:57:56.885378,,,3,40,RUNNING
412,412,,2021-03-15 02:01:01.328838,,,6,34,RUNNING
413,413,,2021-03-15 02:33:20.599039,,,3,34,RUNNING
414,414,,2021-03-15 03:14:04.620975,,,6,34,RUNNING
415,415,,2021-03-15 03:27:27.652122,,,6,34,RUNNING
