,number,value,datetime_start,datetime_complete,duration,params_n_hidden_layers,params_n_neurons_per_layer,state
529,529,0.0012065386674878005,2020-08-26 06:46:55.245147,2020-08-26 06:47:10.640850,0 days 00:00:15.395703000,1,30,COMPLETE
530,530,0.0004802913006677888,2020-08-26 06:47:11.670217,2020-08-26 06:47:32.888127,0 days 00:00:21.217910000,2,30,COMPLETE
531,531,0.0006236928707152412,2020-08-26 06:47:34.882193,2020-08-26 06:48:02.787120,0 days 00:00:27.904927000,3,28,COMPLETE
532,532,0.0004766501305385539,2020-08-26 06:48:03.996335,2020-08-26 06:48:26.305810,0 days 00:00:22.309475000,2,31,COMPLETE
533,533,0.005037149831006669,2020-08-26 06:48:27.881640,2020-08-26 06:48:41.974405,0 days 00:00:14.092765000,1,30,COMPLETE
534,534,0.0005664688334658137,2020-08-26 06:48:42.937875,2020-08-26 06:49:10.953430,0 days 00:00:28.015555000,3,31,COMPLETE
535,535,0.0017996582611105464,2020-08-26 06:49:12.826522,2020-08-26 06:49:34.498596,0 days 00:00:21.672074000,2,32,COMPLETE
536,536,0.0035118664976987544,2020-08-26 06:49:36.241278,2020-08-26 06:50:03.347453,0 days 00:00:27.106175000,3,29,COMPLETE
537,537,0.00506512665766306,2020-08-26 06:50:04.637150,2020-08-26 06:50:32.501074,0 days 00:00:27.863924000,2,33,COMPLETE
538,538,0.00029738856733796236,2020-08-26 06:50:34.973440,2020-08-26 06:51:02.742185,0 days 00:00:27.768745000,2,35,COMPLETE
539,539,0.001374564128170958,2020-08-26 06:51:04.618354,2020-08-26 06:51:23.720502,0 days 00:00:19.102148000,1,36,COMPLETE
540,540,0.0007478341010961934,2020-08-26 06:51:24.330105,2020-08-26 06:51:53.407840,0 days 00:00:29.077735000,2,35,COMPLETE
541,541,0.0008316325268430278,2020-08-26 06:51:57.136906,2020-08-26 06:52:44.038864,0 days 00:00:46.901958000,4,35,COMPLETE
542,542,0.0007393311572869718,2020-08-26 06:52:45.660858,2020-08-26 06:53:13.322607,0 days 00:00:27.661749000,2,36,COMPLETE
543,543,0.0008142723339966451,2020-08-26 06:53:16.617321,2020-08-26 06:53:55.559153,0 days 00:00:38.941832000,3,34,COMPLETE
544,544,0.0005755436649806028,2020-08-26 06:53:56.305861,2020-08-26 06:54:34.926569,0 days 00:00:38.620708000,3,35,COMPLETE
545,545,0.0004449723256625667,2020-08-26 06:54:36.935233,2020-08-26 06:55:04.728711,0 days 00:00:27.793478000,2,34,COMPLETE
546,546,0.0025573023596276202,2020-08-26 06:55:05.957410,2020-08-26 06:57:24.396878,0 days 00:02:18.439468000,13,36,COMPLETE
547,547,0.0007042901560446322,2020-08-26 06:57:25.570852,2020-08-26 06:57:47.858445,0 days 00:00:22.287593000,1,34,COMPLETE
548,548,0.0004947082093349975,2020-08-26 06:57:50.179053,2020-08-26 06:58:19.041646,0 days 00:00:28.862593000,2,35,COMPLETE
549,549,0.004101523765653695,2020-08-26 06:58:20.529981,2020-08-26 06:58:58.267473,0 days 00:00:37.737492000,3,33,COMPLETE
550,550,0.004236362077603478,2020-08-26 06:58:59.021979,2020-08-26 07:01:05.127965,0 days 00:02:06.105986000,12,33,COMPLETE
551,551,0.0005061500868371456,2020-08-26 07:01:06.121291,2020-08-26 07:01:33.659382,0 days 00:00:27.538091000,2,35,COMPLETE
552,552,0.0008637601829393021,2020-08-26 07:01:34.021804,2020-08-26 07:01:54.124321,0 days 00:00:20.102517000,1,34,COMPLETE
553,553,0.0008811017744354583,2020-08-26 07:01:55.473546,2020-08-26 07:02:23.123592,0 days 00:00:27.650046000,3,28,COMPLETE
554,554,0.0073795238350454085,2020-08-26 07:02:23.503825,2020-08-26 07:02:53.468692,0 days 00:00:29.964867000,2,36,COMPLETE
555,555,0.004013444814086641,2020-08-26 07:02:54.005127,2020-08-26 07:03:28.198477,0 days 00:00:34.193350000,4,32,COMPLETE
556,556,0.004917168264079947,2020-08-26 07:03:28.767193,2020-08-26 07:03:55.725756,0 days 00:00:26.958563000,2,33,COMPLETE
557,557,0.0003197474269725855,2020-08-26 07:03:56.562484,2020-08-26 07:04:35.197205,0 days 00:00:38.634721000,3,34,COMPLETE
558,558,0.0004804471939722945,2020-08-26 07:04:39.190653,2020-08-26 07:05:26.340056,0 days 00:00:47.149403000,4,34,COMPLETE
559,559,0.0007667790239034088,2020-08-26 07:05:28.629086,2020-08-26 07:05:57.109712,0 days 00:00:28.480626000,3,32,COMPLETE
560,560,0.0023553976659570846,2020-08-26 07:05:57.737090,2020-08-26 07:06:35.260219,0 days 00:00:37.523129000,3,33,COMPLETE
561,561,0.0005635042942089401,2020-08-26 07:06:35.921260,2020-08-26 07:07:02.915975,0 days 00:00:26.994715000,3,31,COMPLETE
562,562,0.0009371449230687082,2020-08-26 07:07:05.018056,2020-08-26 07:07:52.516779,0 days 00:00:47.498723000,4,34,COMPLETE
563,563,0.0005381065329723043,2020-08-26 07:07:53.731904,2020-08-26 07:08:21.070093,0 days 00:00:27.338189000,3,29,COMPLETE
564,564,0.017630682264409066,2020-08-26 07:08:21.637497,2020-08-26 07:08:48.843429,0 days 00:00:27.205932000,3,32,COMPLETE
565,565,0.0009980884590308288,2020-08-26 07:08:49.566800,2020-08-26 07:09:28.785719,0 days 00:00:39.218919000,3,33,COMPLETE
566,566,0.0010653135147058832,2020-08-26 07:09:29.331034,2020-08-26 07:09:58.153973,0 days 00:00:28.822939000,3,24,COMPLETE
567,567,0.0012494666138467283,2020-08-26 07:10:00.245619,2020-08-26 07:10:20.745929,0 days 00:00:20.500310000,2,31,COMPLETE
568,568,0.001743075480252337,2020-08-26 07:10:21.110237,2020-08-26 07:11:19.686409,0 days 00:00:58.576172000,5,35,COMPLETE
569,569,0.005385543712344342,2020-08-26 07:11:21.640495,2020-08-26 07:13:08.769139,0 days 00:01:47.128644000,10,34,COMPLETE
570,570,0.026430985492802723,2020-08-26 07:13:09.757985,2020-08-26 07:13:57.512204,0 days 00:00:47.754219000,4,36,COMPLETE
571,571,0.004402546332805796,2020-08-26 07:13:59.079582,2020-08-26 07:14:28.086222,0 days 00:00:29.006640000,2,33,COMPLETE
572,572,0.0011608184970172666,2020-08-26 07:14:28.719627,2020-08-26 07:14:56.514354,0 days 00:00:27.794727000,3,32,COMPLETE
573,573,0.011442783100170394,2020-08-26 07:14:57.520722,2020-08-26 07:15:18.442331,0 days 00:00:20.921609000,2,30,COMPLETE
574,574,0.0016823282435172384,2020-08-26 07:15:19.228494,2020-08-26 07:16:37.075814,0 days 00:01:17.847320000,7,34,COMPLETE
575,575,0.0008944513544737305,2020-08-26 07:16:37.670033,2020-08-26 07:17:00.111945,0 days 00:00:22.441912000,1,32,COMPLETE
576,576,0.0005215962643521316,2020-08-26 07:17:00.664210,2020-08-26 07:17:21.701594,0 days 00:00:21.037384000,2,30,COMPLETE
577,577,0.0011297384144516702,2020-08-26 07:17:22.187862,2020-08-26 07:17:47.411518,0 days 00:00:25.223656000,3,18,COMPLETE
578,578,0.0007463840668340606,2020-08-26 07:17:49.727984,2020-08-26 07:18:27.216110,0 days 00:00:37.488126000,3,33,COMPLETE
579,579,0.0005768511933759174,2020-08-26 07:18:28.114468,2020-08-26 07:18:56.959439,0 days 00:00:28.844971000,2,35,COMPLETE
580,580,0.001312423654811612,2020-08-26 07:18:57.785311,2020-08-26 07:19:19.456085,0 days 00:00:21.670774000,2,31,COMPLETE
581,581,0.0017265553030527926,2020-08-26 07:19:20.346772,2020-08-26 07:19:34.416482,0 days 00:00:14.069710000,1,28,COMPLETE
582,582,0.0007971444598112831,2020-08-26 07:19:34.979751,2020-08-26 07:20:22.017945,0 days 00:00:47.038194000,4,34,COMPLETE
583,583,0.0006233384127899433,2020-08-26 07:20:22.865639,2020-08-26 07:20:53.167859,0 days 00:00:30.302220000,2,35,COMPLETE
584,584,0.002284004859577289,2020-08-26 07:20:53.734057,2020-08-26 07:21:16.098267,0 days 00:00:22.364210000,3,10,COMPLETE
585,585,0.0008980868087425959,2020-08-26 07:21:16.476504,2020-08-26 07:21:37.768998,0 days 00:00:21.292494000,2,32,COMPLETE
586,586,0.0016968973081819697,2020-08-26 07:21:38.237309,2020-08-26 07:21:54.622103,0 days 00:00:16.384794000,1,30,COMPLETE
587,587,0.0007045741643196276,2020-08-26 07:21:55.768924,2020-08-26 07:22:33.293542,0 days 00:00:37.524618000,3,36,COMPLETE
588,588,0.0018525206655913501,2020-08-26 07:22:34.322019,2020-08-26 07:22:56.057529,0 days 00:00:21.735510000,2,29,COMPLETE
589,589,0.0005756223986479033,2020-08-26 07:22:56.566291,2020-08-26 07:23:24.178317,0 days 00:00:27.612026000,2,33,COMPLETE
590,590,0.0006114783098333082,2020-08-26 07:23:27.652991,2020-08-26 07:23:54.693824,0 days 00:00:27.040833000,3,31,COMPLETE
591,591,0.0010901812685625279,2020-08-26 07:23:57.062740,2020-08-26 07:24:17.180737,0 days 00:00:20.117997000,1,34,COMPLETE
592,592,0.0009186936780126672,2020-08-26 07:24:18.275228,2020-08-26 07:24:39.726554,0 days 00:00:21.451326000,2,26,COMPLETE
593,593,0.0005872920748348952,2020-08-26 07:24:41.903773,2020-08-26 07:25:19.345000,0 days 00:00:37.441227000,3,37,COMPLETE
594,594,0.0026516627711620252,2020-08-26 07:25:21.398836,2020-08-26 07:25:57.509152,0 days 00:00:36.110316000,3,33,COMPLETE
595,595,0.0015881300072273987,2020-08-26 07:25:59.899591,2020-08-26 07:26:27.686396,0 days 00:00:27.786805000,2,35,COMPLETE
596,596,0.0028461886339035966,2020-08-26 07:26:29.415486,2020-08-26 07:27:03.671460,0 days 00:00:34.255974000,4,31,COMPLETE
597,597,0.0012078673042323304,2020-08-26 07:27:04.421052,2020-08-26 07:27:19.450151,0 days 00:00:15.029099000,1,32,COMPLETE
598,598,0.0016970679111287708,2020-08-26 07:27:21.562493,2020-08-26 07:27:48.410867,0 days 00:00:26.848374000,2,36,COMPLETE
599,599,0.0007842068567978441,2020-08-26 07:27:48.697220,2020-08-26 07:28:08.695172,0 days 00:00:19.997952000,2,30,COMPLETE
600,600,0.0007751211824264479,2020-08-26 07:28:09.315662,2020-08-26 07:28:47.730960,0 days 00:00:38.415298000,3,35,COMPLETE
601,601,0.0004847006553381557,2020-08-26 07:28:48.277155,2020-08-26 07:29:15.054949,0 days 00:00:26.777794000,2,34,COMPLETE
602,602,0.0010676713422832296,2020-08-26 07:29:15.815715,2020-08-26 07:29:54.214162,0 days 00:00:38.398447000,3,33,COMPLETE
603,603,0.003440571553386822,2020-08-26 07:29:55.854521,2020-08-26 07:31:02.935078,0 days 00:01:07.080557000,9,32,COMPLETE
604,604,0.0006582697247089444,2020-08-26 07:31:03.561837,2020-08-26 07:31:29.425557,0 days 00:00:25.863720000,2,27,COMPLETE
605,605,0.0009585800996295566,2020-08-26 07:31:29.993201,2020-08-26 07:31:58.196977,0 days 00:00:28.203776000,3,29,COMPLETE
606,606,0.0012567793173301415,2020-08-26 07:31:59.437536,2020-08-26 07:32:34.505081,0 days 00:00:35.067545000,4,31,COMPLETE
607,607,0.002049543798237735,2020-08-26 07:32:36.964994,2020-08-26 07:32:58.624075,0 days 00:00:21.659081000,1,33,COMPLETE
608,608,0.000985025917457409,2020-08-26 07:32:59.531741,2020-08-26 07:33:26.720581,0 days 00:00:27.188840000,2,34,COMPLETE
609,609,0.0006466150525773295,2020-08-26 07:33:27.682363,2020-08-26 07:33:49.855738,0 days 00:00:22.173375000,2,32,COMPLETE
610,610,0.0042323772835721595,2020-08-26 07:33:52.856862,2020-08-26 07:34:33.165660,0 days 00:00:40.308798000,3,36,COMPLETE
611,611,0.0021054501082240808,2020-08-26 07:34:34.743147,2020-08-26 07:34:51.325804,0 days 00:00:16.582657000,1,30,COMPLETE
612,612,0.0009286697279008342,2020-08-26 07:34:51.846303,2020-08-26 07:35:28.922695,0 days 00:00:37.076392000,3,35,COMPLETE
613,613,0.0010547726038307665,2020-08-26 07:35:29.289176,2020-08-26 07:35:53.649355,0 days 00:00:24.360179000,2,31,COMPLETE
614,614,0.000675683884094708,2020-08-26 07:35:54.284129,2020-08-26 07:36:22.377482,0 days 00:00:28.093353000,2,34,COMPLETE
615,615,0.0006800749244791283,2020-08-26 07:36:24.642088,2020-08-26 07:36:54.545000,0 days 00:00:29.902912000,3,32,COMPLETE
616,616,0.001350560947703019,2020-08-26 07:36:55.064840,2020-08-26 07:37:42.457272,0 days 00:00:47.392432000,4,36,COMPLETE
617,617,0.0031990751595031308,2020-08-26 07:37:43.413452,2020-08-26 07:38:01.808163,0 days 00:00:18.394711000,1,33,COMPLETE
618,618,0.0014126836169395954,2020-08-26 07:38:02.396536,2020-08-26 07:38:25.786068,0 days 00:00:23.389532000,2,29,COMPLETE
619,619,0.0015349435811182557,2020-08-26 07:38:26.411997,2020-08-26 07:38:46.813237,0 days 00:00:20.401240000,1,37,COMPLETE
620,620,0.0057310099350207176,2020-08-26 07:38:47.532487,2020-08-26 07:39:14.945992,0 days 00:00:27.413505000,2,35,COMPLETE
621,621,0.0004652943465101754,2020-08-26 07:39:15.340916,2020-08-26 07:39:54.911691,0 days 00:00:39.570775000,3,34,COMPLETE
622,622,0.016632053907743652,2020-08-26 07:39:56.545590,2020-08-26 07:40:25.366455,0 days 00:00:28.820865000,3,31,COMPLETE
623,623,0.000993664505900254,2020-08-26 07:40:26.229483,2020-08-26 07:41:23.150648,0 days 00:00:56.921165000,5,33,COMPLETE
624,624,0.0004057262892184825,2020-08-26 07:41:26.074442,2020-08-26 07:41:50.809244,0 days 00:00:24.734802000,2,32,COMPLETE
625,625,0.0007821725720209158,2020-08-26 07:41:51.544091,2020-08-26 07:42:11.934785,0 days 00:00:20.390694000,2,30,COMPLETE
626,626,0.0011771163217216107,2020-08-26 07:42:13.158461,2020-08-26 07:42:31.456276,0 days 00:00:18.297815000,1,36,COMPLETE
627,627,0.0005649326451660968,2020-08-26 07:42:31.772705,2020-08-26 07:43:18.648127,0 days 00:00:46.875422000,4,35,COMPLETE
628,628,0.00703739977545618,2020-08-26 07:43:19.717036,2020-08-26 07:43:56.711641,0 days 00:00:36.994605000,3,33,COMPLETE
629,629,0.001678190581606491,2020-08-26 07:43:57.385488,2020-08-26 07:44:19.321238,0 days 00:00:21.935750000,2,28,COMPLETE
630,630,0.0005971093263560922,2020-08-26 07:44:19.800628,2020-08-26 07:44:40.091237,0 days 00:00:20.290609000,2,31,COMPLETE
631,631,0.0006716617185300446,2020-08-26 07:44:40.672505,2020-08-26 07:45:19.725435,0 days 00:00:39.052930000,3,34,COMPLETE
632,632,0.0014367852391061902,2020-08-26 07:45:20.623505,2020-08-26 07:45:43.424488,0 days 00:00:22.800983000,2,32,COMPLETE
633,633,0.001147592875724371,2020-08-26 07:45:43.767016,2020-08-26 07:46:50.986927,0 days 00:01:07.219911000,6,37,COMPLETE
634,634,0.0011153087427026708,2020-08-26 07:46:51.426510,2020-08-26 07:47:18.498294,0 days 00:00:27.071784000,3,30,COMPLETE
635,635,0.15722068010552667,2020-08-26 07:47:18.877391,2020-08-26 07:47:31.690388,0 days 00:00:12.812997000,1,1,COMPLETE
636,636,0.010211417942760785,2020-08-26 07:47:32.030323,2020-08-26 07:47:59.403073,0 days 00:00:27.372750000,2,35,COMPLETE
637,637,0.002293781231935621,2020-08-26 07:48:00.420170,2020-08-26 07:48:27.954603,0 days 00:00:27.534433000,3,32,COMPLETE
638,638,0.000647469216141488,2020-08-26 07:48:28.434760,2020-08-26 07:48:56.215802,0 days 00:00:27.781042000,2,33,COMPLETE
639,639,0.0009032943086847551,2020-08-26 07:48:56.713943,2020-08-26 07:49:25.077103,0 days 00:00:28.363160000,2,34,COMPLETE
640,640,0.0007595619312767589,2020-08-26 07:49:25.721965,2020-08-26 07:49:41.787899,0 days 00:00:16.065934000,1,31,COMPLETE
641,641,0.0012857296051590429,2020-08-26 07:49:42.409471,2020-08-26 07:50:20.138446,0 days 00:00:37.728975000,3,36,COMPLETE
642,642,0.0005835289825540813,2020-08-26 07:50:20.620503,2020-08-26 07:50:41.314534,0 days 00:00:20.694031000,2,29,COMPLETE
643,643,0.007060073134597098,2020-08-26 07:50:41.559916,2020-08-26 07:51:19.241406,0 days 00:00:37.681490000,3,34,COMPLETE
644,644,0.0011780774125325893,2020-08-26 07:51:19.730556,2020-08-26 07:51:56.184947,0 days 00:00:36.454391000,4,32,COMPLETE
645,645,0.0006483743833557734,2020-08-26 07:51:56.699004,2020-08-26 07:52:21.637481,0 days 00:00:24.938477000,2,30,COMPLETE
646,646,0.0006459928404790156,2020-08-26 07:52:22.045051,2020-08-26 07:52:48.683834,0 days 00:00:26.638783000,2,33,COMPLETE
647,647,0.0034535748719178,2020-08-26 07:52:49.398968,2020-08-26 07:53:08.546173,0 days 00:00:19.147205000,1,22,COMPLETE
648,648,0.013230271315411948,2020-08-26 07:53:12.317407,2020-08-26 07:53:49.340024,0 days 00:00:37.022617000,3,35,COMPLETE
649,649,0.003887615172078735,2020-08-26 07:53:50.142540,2020-08-26 07:55:32.437677,0 days 00:01:42.295137000,14,31,COMPLETE
650,650,0.00036141374368978157,2020-08-26 07:55:33.506691,2020-08-26 07:56:00.351464,0 days 00:00:26.844773000,2,36,COMPLETE
651,651,0.0021038053703483967,2020-08-26 07:56:01.209997,2020-08-26 07:56:52.149923,0 days 00:00:50.939926000,4,36,COMPLETE
652,652,0.0003381742572283322,2020-08-26 07:56:53.180070,2020-08-26 07:57:30.709379,0 days 00:00:37.529309000,3,37,COMPLETE
653,653,0.0010492723136669995,2020-08-26 07:57:31.217254,2020-08-26 07:58:18.922164,0 days 00:00:47.704910000,4,37,COMPLETE
654,654,0.0012087432140876564,2020-08-26 07:58:19.163085,2020-08-26 07:59:00.719599,0 days 00:00:41.556514000,3,37,COMPLETE
655,655,0.0007682202838425917,2020-08-26 07:59:02.868657,2020-08-26 07:59:41.019819,0 days 00:00:38.151162000,3,37,COMPLETE
656,656,0.0005638495107748678,2020-08-26 07:59:43.233901,2020-08-26 08:00:20.758854,0 days 00:00:37.524953000,3,36,COMPLETE
657,657,0.0012076559725236733,2020-08-26 08:00:21.466775,2020-08-26 08:01:11.616555,0 days 00:00:50.149780000,4,38,COMPLETE
658,658,0.00033349393329154976,2020-08-26 08:01:13.414244,2020-08-26 08:01:51.050139,0 days 00:00:37.635895000,3,37,COMPLETE
659,659,0.06887650276679068,2020-08-26 08:01:51.634677,2020-08-26 08:02:39.567076,0 days 00:00:47.932399000,4,37,COMPLETE
660,660,0.0029490859671895096,2020-08-26 08:02:40.226404,2020-08-26 08:03:29.158285,0 days 00:00:48.931881000,4,38,COMPLETE
661,661,0.00040908582149100175,2020-08-26 08:03:29.788394,2020-08-26 08:04:08.128670,0 days 00:00:38.340276000,3,36,COMPLETE
662,662,0.0006439888726736743,2020-08-26 08:04:08.550165,2020-08-26 08:04:46.432679,0 days 00:00:37.882514000,3,37,COMPLETE
663,663,0.0008652236134022564,2020-08-26 08:04:46.692485,2020-08-26 08:05:26.618269,0 days 00:00:39.925784000,3,38,COMPLETE
664,664,0.0013031694820664162,2020-08-26 08:05:27.127149,2020-08-26 08:06:05.949476,0 days 00:00:38.822327000,3,37,COMPLETE
665,665,0.0036849201904877666,2020-08-26 08:06:06.965718,2020-08-26 08:06:46.061230,0 days 00:00:39.095512000,3,37,COMPLETE
666,666,0.00034964793600477523,2020-08-26 08:06:46.515463,2020-08-26 08:07:24.192417,0 days 00:00:37.676954000,3,36,COMPLETE
667,667,0.0023264182849877524,2020-08-26 08:07:25.432751,2020-08-26 08:08:13.961432,0 days 00:00:48.528681000,4,37,COMPLETE
668,668,0.0006368819058572192,2020-08-26 08:08:15.116497,2020-08-26 08:09:05.239656,0 days 00:00:50.123159000,4,39,COMPLETE
669,669,0.014512843522073115,2020-08-26 08:09:06.634808,2020-08-26 08:09:54.090475,0 days 00:00:47.455667000,4,36,COMPLETE
670,670,0.0014676826449346264,2020-08-26 08:09:54.575141,2020-08-26 08:10:34.644398,0 days 00:00:40.069257000,3,36,COMPLETE
671,671,0.0016193913914746218,2020-08-26 08:10:36.126572,2020-08-26 08:11:13.962219,0 days 00:00:37.835647000,3,37,COMPLETE
672,672,0.0011358693584444467,2020-08-26 08:11:14.486602,2020-08-26 08:11:51.767089,0 days 00:00:37.280487000,3,38,COMPLETE
673,673,0.0005011870279862632,2020-08-26 08:11:53.147379,2020-08-26 08:12:42.280987,0 days 00:00:49.133608000,4,36,COMPLETE
674,674,0.0007691050867405388,2020-08-26 08:12:44.416782,2020-08-26 08:13:22.976066,0 days 00:00:38.559284000,3,37,COMPLETE
675,675,0.011774210312179127,2020-08-26 08:13:23.443806,2020-08-26 08:14:02.740868,0 days 00:00:39.297062000,3,38,COMPLETE
676,676,0.00044729332614507387,2020-08-26 08:14:03.680105,2020-08-26 08:14:41.537299,0 days 00:00:37.857194000,3,36,COMPLETE
677,677,0.0004870648793039573,2020-08-26 08:14:42.269661,2020-08-26 08:15:19.815893,0 days 00:00:37.546232000,3,35,COMPLETE
678,678,0.001034819036843882,2020-08-26 08:15:20.261535,2020-08-26 08:16:08.191533,0 days 00:00:47.929998000,4,36,COMPLETE
679,679,0.0005843016413496309,2020-08-26 08:16:08.688743,2020-08-26 08:16:45.942949,0 days 00:00:37.254206000,3,35,COMPLETE
680,680,0.000526302246424762,2020-08-26 08:16:46.476279,2020-08-26 08:17:24.082198,0 days 00:00:37.605919000,3,36,COMPLETE
681,681,0.0008277389207474482,2020-08-26 08:17:24.686696,2020-08-26 08:18:22.777291,0 days 00:00:58.090595000,5,37,COMPLETE
682,682,0.00045051395419991167,2020-08-26 08:18:23.949501,2020-08-26 08:19:01.469899,0 days 00:00:37.520398000,3,35,COMPLETE
683,683,0.0007492915183485974,2020-08-26 08:19:03.119307,2020-08-26 08:19:50.738803,0 days 00:00:47.619496000,4,35,COMPLETE
684,684,0.004256647344609313,2020-08-26 08:19:51.674818,2020-08-26 08:20:31.563940,0 days 00:00:39.889122000,3,38,COMPLETE
685,685,0.0015975791384231297,2020-08-26 08:20:34.019493,2020-08-26 08:21:11.999728,0 days 00:00:37.980235000,3,37,COMPLETE
686,686,0.002587773278478459,2020-08-26 08:21:12.744092,2020-08-26 08:21:50.474844,0 days 00:00:37.730752000,3,36,COMPLETE
687,687,0.0004564866005513834,2020-08-26 08:21:51.191146,2020-08-26 08:22:18.866141,0 days 00:00:27.674995000,2,35,COMPLETE
688,688,0.0005962298779033829,2020-08-26 08:22:20.685113,2020-08-26 08:23:00.142579,0 days 00:00:39.457466000,3,37,COMPLETE
689,689,0.0003868691107535323,2020-08-26 08:23:01.149285,2020-08-26 08:23:48.403284,0 days 00:00:47.253999000,4,36,COMPLETE
690,690,0.000663883201166255,2020-08-26 08:23:49.552305,2020-08-26 08:24:26.580395,0 days 00:00:37.028090000,3,35,COMPLETE
691,691,0.006439314611513089,2020-08-26 08:24:27.345525,2020-08-26 08:24:46.757144,0 days 00:00:19.411619000,2,15,COMPLETE
692,692,0.002276319342188764,2020-08-26 08:24:47.431496,2020-08-26 08:25:34.567988,0 days 00:00:47.136492000,4,34,COMPLETE
693,693,0.006354950007519761,2020-08-26 08:25:35.635073,2020-08-26 08:26:04.729282,0 days 00:00:29.094209000,2,36,COMPLETE
694,694,0.0020982751316848893,2020-08-26 08:26:06.146087,2020-08-26 08:26:43.865237,0 days 00:00:37.719150000,3,34,COMPLETE
695,695,0.009044507035247104,2020-08-26 08:26:44.538405,2020-08-26 08:27:13.701028,0 days 00:00:29.162623000,2,39,COMPLETE
696,696,0.005048664442516527,2020-08-26 08:27:15.987734,2020-08-26 08:30:28.538684,0 days 00:03:12.550950000,18,37,COMPLETE
697,697,0.0011326033105140939,2020-08-26 08:30:29.543466,2020-08-26 08:31:06.976019,0 days 00:00:37.432553000,3,35,COMPLETE
698,698,0.0005623508563735761,2020-08-26 08:31:07.335580,2020-08-26 08:31:35.109403,0 days 00:00:27.773823000,2,38,COMPLETE
699,699,0.00043100301853239145,2020-08-26 08:31:35.749609,2020-08-26 08:32:04.254138,0 days 00:00:28.504529000,2,35,COMPLETE
700,700,0.001571702156021622,2020-08-26 08:32:05.144020,2020-08-26 08:32:46.829308,0 days 00:00:41.685288000,3,34,COMPLETE
701,701,0.02224347046035277,2020-08-26 08:32:47.807414,2020-08-26 08:33:25.422301,0 days 00:00:37.614887000,3,36,COMPLETE
702,702,0.0005524105397195384,2020-08-26 08:33:25.756511,2020-08-26 08:33:59.417500,0 days 00:00:33.660989000,2,35,COMPLETE
703,703,0.006127251305980058,2020-08-26 08:33:59.695880,2020-08-26 08:34:32.844745,0 days 00:00:33.148865000,2,34,COMPLETE
704,704,0.0009160908774659822,2020-08-26 08:34:33.574850,2020-08-26 08:35:21.537049,0 days 00:00:47.962199000,4,36,COMPLETE
