,number,value,datetime_start,datetime_complete,duration,params_n_hidden_layers,params_n_neurons_per_layer,state
705,705,0.0037816700021461266,2020-08-26 08:35:22.015833,2020-08-26 08:38:03.153145,0 days 00:02:41.137312000,15,37,COMPLETE
706,706,0.0007874732470598019,2020-08-26 08:38:03.845003,2020-08-26 08:38:42.402664,0 days 00:00:38.557661000,3,35,COMPLETE
707,707,0.0005512563126654154,2020-08-26 08:38:43.567466,2020-08-26 08:39:20.885533,0 days 00:00:37.318067000,3,33,COMPLETE
708,708,0.0007620182395426752,2020-08-26 08:39:21.556974,2020-08-26 08:39:39.648938,0 days 00:00:18.091964000,1,34,COMPLETE
709,709,0.001437123721413512,2020-08-26 08:39:40.718650,2020-08-26 08:40:08.127196,0 days 00:00:27.408546000,2,37,COMPLETE
710,710,0.0006426911110416602,2020-08-26 08:40:08.586830,2020-08-26 08:40:36.708584,0 days 00:00:28.121754000,2,38,COMPLETE
711,711,0.0003851869537247146,2020-08-26 08:40:37.137312,2020-08-26 08:41:27.526578,0 days 00:00:50.389266000,4,36,COMPLETE
712,712,0.0061773851844032085,2020-08-26 08:41:27.989918,2020-08-26 08:42:05.562193,0 days 00:00:37.572275000,3,35,COMPLETE
713,713,0.0005169657357498443,2020-08-26 08:42:05.950465,2020-08-26 08:42:33.170115,0 days 00:00:27.219650000,2,33,COMPLETE
714,714,0.0019376136818920599,2020-08-26 08:42:33.726177,2020-08-26 08:42:52.576819,0 days 00:00:18.850642000,1,34,COMPLETE
715,715,0.0014147277126116296,2020-08-26 08:42:53.175078,2020-08-26 08:43:32.448089,0 days 00:00:39.273011000,3,36,COMPLETE
716,716,0.0013430930398873654,2020-08-26 08:43:35.935829,2020-08-26 08:44:03.448223,0 days 00:00:27.512394000,2,34,COMPLETE
717,717,0.0004966324565188878,2020-08-26 08:44:04.409318,2020-08-26 08:44:42.133818,0 days 00:00:37.724500000,3,33,COMPLETE
718,718,0.001124716229407694,2020-08-26 08:44:43.132829,2020-08-26 08:45:12.029184,0 days 00:00:28.896355000,2,37,COMPLETE
719,719,0.00036939911364380776,2020-08-26 08:45:12.422195,2020-08-26 08:45:51.213836,0 days 00:00:38.791641000,3,36,COMPLETE
720,720,0.0006905335777551693,2020-08-26 08:45:54.037525,2020-08-26 08:46:22.929308,0 days 00:00:28.891783000,2,36,COMPLETE
721,721,0.016716888480077113,2020-08-26 08:46:23.613057,2020-08-26 08:47:03.000809,0 days 00:00:39.387752000,3,39,COMPLETE
722,722,0.0008754875574990199,2020-08-26 08:47:03.801212,2020-08-26 08:47:30.783127,0 days 00:00:26.981915000,2,36,COMPLETE
723,723,0.0009807807239146746,2020-08-26 08:47:31.086244,2020-08-26 08:47:48.623763,0 days 00:00:17.537519000,1,38,COMPLETE
724,724,0.0005108740286609757,2020-08-26 08:47:51.123761,2020-08-26 08:48:38.019482,0 days 00:00:46.895721000,4,35,COMPLETE
725,725,0.007418709335800783,2020-08-26 08:48:40.884317,2020-08-26 08:49:18.656757,0 days 00:00:37.772440000,3,37,COMPLETE
726,726,0.000895331666016639,2020-08-26 08:49:19.536254,2020-08-26 08:49:57.725307,0 days 00:00:38.189053000,3,36,COMPLETE
727,727,0.00276585054975981,2020-08-26 08:49:58.506239,2020-08-26 08:50:27.695596,0 days 00:00:29.189357000,2,35,COMPLETE
728,728,0.0007424801697165889,2020-08-26 08:50:28.615109,2020-08-26 08:51:16.443321,0 days 00:00:47.828212000,4,35,COMPLETE
729,729,0.0005679604657265981,2020-08-26 08:51:17.034605,2020-08-26 08:51:45.186329,0 days 00:00:28.151724000,2,37,COMPLETE
730,730,0.0015537763360832157,2020-08-26 08:51:45.628243,2020-08-26 08:52:06.323360,0 days 00:00:20.695117000,1,37,COMPLETE
731,731,0.0013909541776822344,2020-08-26 08:52:07.566414,2020-08-26 08:52:45.204785,0 days 00:00:37.638371000,3,36,COMPLETE
732,732,0.0006779359018255161,2020-08-26 08:52:46.030561,2020-08-26 08:53:14.813827,0 days 00:00:28.783266000,2,34,COMPLETE
733,733,0.0006156851470542178,2020-08-26 08:53:15.397857,2020-08-26 08:53:42.863174,0 days 00:00:27.465317000,2,35,COMPLETE
734,734,0.0004833896571510287,2020-08-26 08:53:44.711506,2020-08-26 08:54:22.477526,0 days 00:00:37.766020000,3,38,COMPLETE
735,735,0.00045999656172924705,2020-08-26 08:54:25.425756,2020-08-26 08:55:04.485520,0 days 00:00:39.059764000,3,36,COMPLETE
736,736,0.005422549790746165,2020-08-26 08:55:05.881457,2020-08-26 08:55:24.964401,0 days 00:00:19.082944000,2,8,COMPLETE
737,737,0.0011328300272546471,2020-08-26 08:55:25.471861,2020-08-26 08:55:44.094587,0 days 00:00:18.622726000,1,34,COMPLETE
738,738,0.0005362584226824999,2020-08-26 08:55:45.136903,2020-08-26 08:56:13.404311,0 days 00:00:28.267408000,2,33,COMPLETE
739,739,0.0015565130901516381,2020-08-26 08:56:17.621180,2020-08-26 08:56:54.706525,0 days 00:00:37.085345000,3,35,COMPLETE
740,740,0.0007197402860672494,2020-08-26 08:56:55.444430,2020-08-26 08:57:52.701655,0 days 00:00:57.257225000,5,37,COMPLETE
741,741,0.0007636242133904384,2020-08-26 08:57:55.911422,2020-08-26 08:58:44.371008,0 days 00:00:48.459586000,4,40,COMPLETE
742,742,0.0004360180200090107,2020-08-26 08:58:45.502832,2020-08-26 08:59:12.313113,0 days 00:00:26.810281000,2,34,COMPLETE
743,743,0.004344152801241337,2020-08-26 08:59:14.008337,2020-08-26 09:01:14.633757,0 days 00:02:00.625420000,11,36,COMPLETE
744,744,0.001046776078383624,2020-08-26 09:01:17.254949,2020-08-26 09:01:36.488208,0 days 00:00:19.233259000,1,38,COMPLETE
745,745,0.0010151822147956922,2020-08-26 09:01:37.011885,2020-08-26 09:02:14.804073,0 days 00:00:37.792188000,3,33,COMPLETE
746,746,0.0005165505199490326,2020-08-26 09:02:15.807213,2020-08-26 09:02:44.279917,0 days 00:00:28.472704000,2,37,COMPLETE
747,747,0.008670446511236446,2020-08-26 09:02:45.688154,2020-08-26 09:03:24.823928,0 days 00:00:39.135774000,3,35,COMPLETE
748,748,0.00032788928915516546,2020-08-26 09:03:25.517879,2020-08-26 09:04:06.125301,0 days 00:00:40.607422000,3,36,COMPLETE
749,749,0.002535053231738061,2020-08-26 09:04:07.061456,2020-08-26 09:04:34.957928,0 days 00:00:27.896472000,2,33,COMPLETE
750,750,0.0006067000472047127,2020-08-26 09:04:36.261928,2020-08-26 09:04:54.936770,0 days 00:00:18.674842000,1,35,COMPLETE
751,751,0.0023518383742588186,2020-08-26 09:04:56.061460,2020-08-26 09:05:34.697893,0 days 00:00:38.636433000,3,34,COMPLETE
752,752,0.0007717756326644985,2020-08-26 09:05:37.122996,2020-08-26 09:05:58.862983,0 days 00:00:21.739987000,2,32,COMPLETE
753,753,0.0005730900323224137,2020-08-26 09:06:00.403974,2020-08-26 09:06:48.417567,0 days 00:00:48.013593000,4,35,COMPLETE
754,754,0.00388192271631544,2020-08-26 09:06:49.096310,2020-08-26 09:07:09.352183,0 days 00:00:20.255873000,2,12,COMPLETE
755,755,0.0010193586329067773,2020-08-26 09:07:10.111286,2020-08-26 09:07:47.297595,0 days 00:00:37.186309000,3,36,COMPLETE
756,756,0.0005039840765813695,2020-08-26 09:07:49.080254,2020-08-26 09:08:17.624826,0 days 00:00:28.544572000,2,33,COMPLETE
757,757,0.0011456935929430576,2020-08-26 09:08:18.300028,2020-08-26 09:08:36.011504,0 days 00:00:17.711476000,1,34,COMPLETE
758,758,0.07444877955750781,2020-08-26 09:08:37.046009,2020-08-26 09:09:01.363352,0 days 00:00:24.317343000,3,5,COMPLETE
759,759,0.0030412630628176124,2020-08-26 09:09:01.999274,2020-08-26 09:09:49.998651,0 days 00:00:47.999377000,4,37,COMPLETE
760,760,0.000291476946761726,2020-08-26 09:09:50.720081,2020-08-26 09:10:20.886282,0 days 00:00:30.166201000,2,34,COMPLETE
761,761,0.002236330742390597,2020-08-26 09:10:22.106545,2020-08-26 09:10:42.411901,0 days 00:00:20.305356000,1,36,COMPLETE
762,762,0.000941376239805073,2020-08-26 09:10:43.141294,2020-08-26 09:11:05.407636,0 days 00:00:22.266342000,2,32,COMPLETE
763,763,0.00035894531144019254,2020-08-26 09:11:05.690948,2020-08-26 09:11:34.093818,0 days 00:00:28.402870000,2,38,COMPLETE
764,764,0.004508783668222383,2020-08-26 09:11:35.131111,2020-08-26 09:13:04.758676,0 days 00:01:29.627565000,8,38,COMPLETE
765,765,0.0018118238890377537,2020-08-26 09:13:06.146775,2020-08-26 09:13:25.445654,0 days 00:00:19.298879000,1,37,COMPLETE
766,766,0.007591465274694177,2020-08-26 09:13:28.561048,2020-08-26 09:13:57.728777,0 days 00:00:29.167729000,2,37,COMPLETE
767,767,0.00030520984437128434,2020-08-26 09:13:58.608832,2020-08-26 09:14:27.140735,0 days 00:00:28.531903000,2,39,COMPLETE
768,768,0.0005747816188855773,2020-08-26 09:14:27.827350,2020-08-26 09:14:56.909937,0 days 00:00:29.082587000,2,38,COMPLETE
769,769,0.001578468979506629,2020-08-26 09:14:58.573748,2020-08-26 09:15:17.698114,0 days 00:00:19.124366000,1,40,COMPLETE
770,770,0.0004390500822028657,2020-08-26 09:15:18.916433,2020-08-26 09:15:47.709060,0 days 00:00:28.792627000,2,38,COMPLETE
771,771,0.00051827345547871,2020-08-26 09:15:48.815828,2020-08-26 09:16:17.395320,0 days 00:00:28.579492000,2,39,COMPLETE
772,772,0.00530172813674654,2020-08-26 09:16:18.037997,2020-08-26 09:16:49.373373,0 days 00:00:31.335376000,2,39,COMPLETE
773,773,0.0014001985321365907,2020-08-26 09:16:51.807901,2020-08-26 09:17:11.566757,0 days 00:00:19.758856000,1,40,COMPLETE
774,774,0.0007076993332735872,2020-08-26 09:17:12.557433,2020-08-26 09:17:43.669768,0 days 00:00:31.112335000,2,39,COMPLETE
775,775,0.000232733119310769,2020-08-26 09:17:44.740729,2020-08-26 09:18:12.679887,0 days 00:00:27.939158000,2,39,COMPLETE
776,776,0.0010151071772328756,2020-08-26 09:18:13.369483,2020-08-26 09:18:32.731910,0 days 00:00:19.362427000,1,38,COMPLETE
777,777,0.003918685694445869,2020-08-26 09:18:33.309630,2020-08-26 09:19:01.024830,0 days 00:00:27.715200000,2,39,COMPLETE
778,778,0.003906070292209824,2020-08-26 09:19:01.641976,2020-08-26 09:19:30.702132,0 days 00:00:29.060156000,2,39,COMPLETE
779,779,0.0004984741786915382,2020-08-26 09:19:31.893836,2020-08-26 09:20:09.885011,0 days 00:00:37.991175000,3,40,COMPLETE
780,780,0.0012466900768321888,2020-08-26 09:20:10.713021,2020-08-26 09:20:30.761758,0 days 00:00:20.048737000,1,40,COMPLETE
781,781,0.000467660130201214,2020-08-26 09:20:33.158988,2020-08-26 09:21:04.250574,0 days 00:00:31.091586000,2,39,COMPLETE
782,782,0.0006750925826768352,2020-08-26 09:21:04.946580,2020-08-26 09:21:45.448929,0 days 00:00:40.502349000,3,39,COMPLETE
783,783,0.0004854736328040512,2020-08-26 09:21:45.866106,2020-08-26 09:22:16.041862,0 days 00:00:30.175756000,2,40,COMPLETE
784,784,0.025764223671146617,2020-08-26 09:22:17.186875,2020-08-26 09:22:56.024586,0 days 00:00:38.837711000,3,39,COMPLETE
785,785,0.0008089862533080229,2020-08-26 09:23:04.815034,2020-08-26 09:23:23.455343,0 days 00:00:18.640309000,1,39,COMPLETE
786,786,0.0005319470930453175,2020-08-26 09:23:25.160399,2020-08-26 09:23:53.435200,0 days 00:00:28.274801000,2,38,COMPLETE
787,787,0.0016468560428462315,2020-08-26 09:23:54.749561,2020-08-26 09:24:35.014396,0 days 00:00:40.264835000,3,38,COMPLETE
788,788,0.0007752912558773549,2020-08-26 09:24:35.295149,2020-08-26 09:25:03.372422,0 days 00:00:28.077273000,2,38,COMPLETE
789,789,0.0020097627695802255,2020-08-26 09:25:05.733305,2020-08-26 09:25:34.109208,0 days 00:00:28.375903000,2,40,COMPLETE
790,790,0.0013723473254956427,2020-08-26 09:25:34.724407,2020-08-26 09:26:12.945001,0 days 00:00:38.220594000,3,40,COMPLETE
791,791,0.003195734584680224,2020-08-26 09:26:14.117780,2020-08-26 09:29:08.185111,0 days 00:02:54.067331000,16,38,COMPLETE
792,792,0.0004742331671502668,2020-08-26 09:29:08.749575,2020-08-26 09:29:37.033661,0 days 00:00:28.284086000,2,39,COMPLETE
793,793,0.000816556693475985,2020-08-26 09:29:37.806315,2020-08-26 09:29:56.875971,0 days 00:00:19.069656000,1,39,COMPLETE
794,794,0.0004845779596293627,2020-08-26 09:29:57.316798,2020-08-26 09:30:25.157252,0 days 00:00:27.840454000,2,40,COMPLETE
795,795,0.0028404274003184186,2020-08-26 09:30:26.347532,2020-08-26 09:31:06.017351,0 days 00:00:39.669819000,3,38,COMPLETE
796,796,0.0005514958213531697,2020-08-26 09:31:06.909044,2020-08-26 09:31:44.792869,0 days 00:00:37.883825000,3,37,COMPLETE
797,797,0.010742828528615538,2020-08-26 09:31:46.112379,2020-08-26 09:32:15.044004,0 days 00:00:28.931625000,2,40,COMPLETE
798,798,0.0006172119285986877,2020-08-26 09:32:16.039093,2020-08-26 09:32:54.092610,0 days 00:00:38.053517000,3,38,COMPLETE
799,799,0.001860809784461523,2020-08-26 09:32:55.039286,2020-08-26 09:33:22.637117,0 days 00:00:27.597831000,2,37,COMPLETE
